app/build/intermediates/manifest_merge_blame_file/debug/processDebugMainManifest/manifest-merger-blame-debug-report.txt
1<?xml version="1.0" encoding="utf-8"?>
2<manifest xmlns:android="http://schemas.android.com/apk/res/android"
3    package="com.example.plantapp"
4    android:versionCode="1"
5    android:versionName="1.0" >
6
7    <uses-sdk
8        android:minSdkVersion="23"
9        android:targetSdkVersion="34" />
10
11    <uses-permission android:name="android.permission.INTERNET" />
11-->[com.google.firebase:firebase-auth:23.1.0] AndroidManifest.xml:25:5-67
11-->[com.google.firebase:firebase-auth:23.1.0] AndroidManifest.xml:25:22-64
12    <uses-permission android:name="android.permission.ACCESS_NETWORK_STATE" />
12-->[com.google.firebase:firebase-auth:23.1.0] AndroidManifest.xml:26:5-79
12-->[com.google.firebase:firebase-auth:23.1.0] AndroidManifest.xml:26:22-76
13    <uses-permission android:name="android.permission.WAKE_LOCK" />
13-->[com.google.android.gms:play-services-measurement-api:22.1.2] AndroidManifest.xml:24:5-68
13-->[com.google.android.gms:play-services-measurement-api:22.1.2] AndroidManifest.xml:24:22-65
14    <uses-permission android:name="com.google.android.gms.permission.AD_ID" />
14-->[com.google.android.gms:play-services-measurement-api:22.1.2] AndroidManifest.xml:25:5-79
14-->[com.google.android.gms:play-services-measurement-api:22.1.2] AndroidManifest.xml:25:22-76
15    <uses-permission android:name="android.permission.ACCESS_ADSERVICES_ATTRIBUTION" />
15-->[com.google.android.gms:play-services-measurement-api:22.1.2] AndroidManifest.xml:26:5-88
15-->[com.google.android.gms:play-services-measurement-api:22.1.2] AndroidManifest.xml:26:22-85
16    <uses-permission android:name="android.permission.ACCESS_ADSERVICES_AD_ID" />
16-->[com.google.android.gms:play-services-measurement-api:22.1.2] AndroidManifest.xml:27:5-82
16-->[com.google.android.gms:play-services-measurement-api:22.1.2] AndroidManifest.xml:27:22-79
17    <uses-permission android:name="com.google.android.providers.gsf.permission.READ_GSERVICES" />
17-->[com.google.android.recaptcha:recaptcha:18.5.1] AndroidManifest.xml:9:5-98
17-->[com.google.android.recaptcha:recaptcha:18.5.1] AndroidManifest.xml:9:22-95
18    <uses-permission android:name="com.google.android.finsky.permission.BIND_GET_INSTALL_REFERRER_SERVICE" />
18-->[com.google.android.gms:play-services-measurement:22.1.2] AndroidManifest.xml:26:5-110
18-->[com.google.android.gms:play-services-measurement:22.1.2] AndroidManifest.xml:26:22-107
19
20    <permission
20-->[androidx.core:core:1.15.0] AndroidManifest.xml:22:5-24:47
21        android:name="com.example.plantapp.DYNAMIC_RECEIVER_NOT_EXPORTED_PERMISSION"
21-->[androidx.core:core:1.15.0] AndroidManifest.xml:23:9-81
22        android:protectionLevel="signature" />
22-->[androidx.core:core:1.15.0] AndroidManifest.xml:24:9-44
23
24    <uses-permission android:name="com.example.plantapp.DYNAMIC_RECEIVER_NOT_EXPORTED_PERMISSION" />
24-->[androidx.core:core:1.15.0] AndroidManifest.xml:26:5-97
24-->[androidx.core:core:1.15.0] AndroidManifest.xml:26:22-94
25
26    <application
26-->src\main\AndroidManifest.xml:6:5-54:19
27        android:allowBackup="true"
27-->src\main\AndroidManifest.xml:7:9-35
28        android:appComponentFactory="androidx.core.app.CoreComponentFactory"
28-->[androidx.core:core:1.15.0] AndroidManifest.xml:28:18-86
29        android:debuggable="true"
30        android:extractNativeLibs="false"
31        android:icon="@mipmap/tomato"
31-->src\main\AndroidManifest.xml:8:9-38
32        android:label="Leaf disease prediction ML app"
32-->src\main\AndroidManifest.xml:9:9-55
33        android:roundIcon="@mipmap/tomato"
33-->src\main\AndroidManifest.xml:10:9-43
34        android:supportsRtl="true"
34-->src\main\AndroidManifest.xml:11:9-35
35        android:theme="@style/Theme.Plantapp" >
35-->src\main\AndroidManifest.xml:12:9-46
36        <activity
36-->src\main\AndroidManifest.xml:14:9-16:40
37            android:name="com.example.plantapp.privacypolicy"
37-->src\main\AndroidManifest.xml:15:13-42
38            android:exported="false" />
38-->src\main\AndroidManifest.xml:16:13-37
39        <activity
39-->src\main\AndroidManifest.xml:17:9-19:40
40            android:name="com.example.plantapp.diease"
40-->src\main\AndroidManifest.xml:18:13-35
41            android:exported="false" />
41-->src\main\AndroidManifest.xml:19:13-37
42        <activity
42-->src\main\AndroidManifest.xml:20:9-22:40
43            android:name="com.example.plantapp.health"
43-->src\main\AndroidManifest.xml:21:13-35
44            android:exported="false" />
44-->src\main\AndroidManifest.xml:22:13-37
45        <activity
45-->src\main\AndroidManifest.xml:23:9-25:40
46            android:name="com.example.plantapp.contact"
46-->src\main\AndroidManifest.xml:24:13-36
47            android:exported="false" />
47-->src\main\AndroidManifest.xml:25:13-37
48        <activity
48-->src\main\AndroidManifest.xml:26:9-28:40
49            android:name="com.example.plantapp.forget"
49-->src\main\AndroidManifest.xml:27:13-35
50            android:exported="false" />
50-->src\main\AndroidManifest.xml:28:13-37
51        <activity
51-->src\main\AndroidManifest.xml:29:9-31:40
52            android:name="com.example.plantapp.healthlydisease"
52-->src\main\AndroidManifest.xml:30:13-44
53            android:exported="false" />
53-->src\main\AndroidManifest.xml:31:13-37
54        <activity
54-->src\main\AndroidManifest.xml:32:9-34:40
55            android:name="com.example.plantapp.registration"
55-->src\main\AndroidManifest.xml:33:13-41
56            android:exported="false" />
56-->src\main\AndroidManifest.xml:34:13-37
57        <activity
57-->src\main\AndroidManifest.xml:35:9-37:40
58            android:name="com.example.plantapp.login"
58-->src\main\AndroidManifest.xml:36:13-34
59            android:exported="false" />
59-->src\main\AndroidManifest.xml:37:13-37
60        <activity
60-->src\main\AndroidManifest.xml:38:9-40:40
61            android:name="com.example.plantapp.MainActivity"
61-->src\main\AndroidManifest.xml:39:13-41
62            android:exported="false" />
62-->src\main\AndroidManifest.xml:40:13-37
63        <activity
63-->src\main\AndroidManifest.xml:41:9-49:20
64            android:name="com.example.plantapp.splashScreen"
64-->src\main\AndroidManifest.xml:42:13-41
65            android:exported="true" >
65-->src\main\AndroidManifest.xml:43:13-36
66            <intent-filter>
66-->src\main\AndroidManifest.xml:44:13-48:29
67                <action android:name="android.intent.action.MAIN" />
67-->src\main\AndroidManifest.xml:45:17-69
67-->src\main\AndroidManifest.xml:45:25-66
68
69                <category android:name="android.intent.category.LAUNCHER" />
69-->src\main\AndroidManifest.xml:47:17-77
69-->src\main\AndroidManifest.xml:47:27-74
70            </intent-filter>
71        </activity>
72
73        <meta-data
73-->src\main\AndroidManifest.xml:51:9-53:57
74            android:name="preloaded_fonts"
74-->src\main\AndroidManifest.xml:52:13-43
75            android:resource="@array/preloaded_fonts" />
75-->src\main\AndroidManifest.xml:53:13-54
76
77        <activity
77-->[com.google.firebase:firebase-auth:23.1.0] AndroidManifest.xml:29:9-46:20
78            android:name="com.google.firebase.auth.internal.GenericIdpActivity"
78-->[com.google.firebase:firebase-auth:23.1.0] AndroidManifest.xml:30:13-80
79            android:excludeFromRecents="true"
79-->[com.google.firebase:firebase-auth:23.1.0] AndroidManifest.xml:31:13-46
80            android:exported="true"
80-->[com.google.firebase:firebase-auth:23.1.0] AndroidManifest.xml:32:13-36
81            android:launchMode="singleTask"
81-->[com.google.firebase:firebase-auth:23.1.0] AndroidManifest.xml:33:13-44
82            android:theme="@android:style/Theme.Translucent.NoTitleBar" >
82-->[com.google.firebase:firebase-auth:23.1.0] AndroidManifest.xml:34:13-72
83            <intent-filter>
83-->[com.google.firebase:firebase-auth:23.1.0] AndroidManifest.xml:35:13-45:29
84                <action android:name="android.intent.action.VIEW" />
84-->[com.google.firebase:firebase-auth:23.1.0] AndroidManifest.xml:36:17-69
84-->[com.google.firebase:firebase-auth:23.1.0] AndroidManifest.xml:36:25-66
85
86                <category android:name="android.intent.category.DEFAULT" />
86-->[com.google.firebase:firebase-auth:23.1.0] AndroidManifest.xml:38:17-76
86-->[com.google.firebase:firebase-auth:23.1.0] AndroidManifest.xml:38:27-73
87                <category android:name="android.intent.category.BROWSABLE" />
87-->[com.google.firebase:firebase-auth:23.1.0] AndroidManifest.xml:39:17-78
87-->[com.google.firebase:firebase-auth:23.1.0] AndroidManifest.xml:39:27-75
88
89                <data
89-->[com.google.firebase:firebase-auth:23.1.0] AndroidManifest.xml:41:17-44:51
90                    android:host="firebase.auth"
90-->[com.google.firebase:firebase-auth:23.1.0] AndroidManifest.xml:42:21-49
91                    android:path="/"
91-->[com.google.firebase:firebase-auth:23.1.0] AndroidManifest.xml:43:21-37
92                    android:scheme="genericidp" />
92-->[com.google.firebase:firebase-auth:23.1.0] AndroidManifest.xml:44:21-48
93            </intent-filter>
94        </activity>
95        <activity
95-->[com.google.firebase:firebase-auth:23.1.0] AndroidManifest.xml:47:9-64:20
96            android:name="com.google.firebase.auth.internal.RecaptchaActivity"
96-->[com.google.firebase:firebase-auth:23.1.0] AndroidManifest.xml:48:13-79
97            android:excludeFromRecents="true"
97-->[com.google.firebase:firebase-auth:23.1.0] AndroidManifest.xml:49:13-46
98            android:exported="true"
98-->[com.google.firebase:firebase-auth:23.1.0] AndroidManifest.xml:50:13-36
99            android:launchMode="singleTask"
99-->[com.google.firebase:firebase-auth:23.1.0] AndroidManifest.xml:51:13-44
100            android:theme="@android:style/Theme.Translucent.NoTitleBar" >
100-->[com.google.firebase:firebase-auth:23.1.0] AndroidManifest.xml:52:13-72
101            <intent-filter>
101-->[com.google.firebase:firebase-auth:23.1.0] AndroidManifest.xml:53:13-63:29
102                <action android:name="android.intent.action.VIEW" />
102-->[com.google.firebase:firebase-auth:23.1.0] AndroidManifest.xml:36:17-69
102-->[com.google.firebase:firebase-auth:23.1.0] AndroidManifest.xml:36:25-66
103
104                <category android:name="android.intent.category.DEFAULT" />
104-->[com.google.firebase:firebase-auth:23.1.0] AndroidManifest.xml:38:17-76
104-->[com.google.firebase:firebase-auth:23.1.0] AndroidManifest.xml:38:27-73
105                <category android:name="android.intent.category.BROWSABLE" />
105-->[com.google.firebase:firebase-auth:23.1.0] AndroidManifest.xml:39:17-78
105-->[com.google.firebase:firebase-auth:23.1.0] AndroidManifest.xml:39:27-75
106
107                <data
107-->[com.google.firebase:firebase-auth:23.1.0] AndroidManifest.xml:41:17-44:51
108                    android:host="firebase.auth"
108-->[com.google.firebase:firebase-auth:23.1.0] AndroidManifest.xml:42:21-49
109                    android:path="/"
109-->[com.google.firebase:firebase-auth:23.1.0] AndroidManifest.xml:43:21-37
110                    android:scheme="recaptcha" />
110-->[com.google.firebase:firebase-auth:23.1.0] AndroidManifest.xml:44:21-48
111            </intent-filter>
112        </activity>
113
114        <service
114-->[com.google.firebase:firebase-auth:23.1.0] AndroidManifest.xml:66:9-72:19
115            android:name="com.google.firebase.components.ComponentDiscoveryService"
115-->[com.google.firebase:firebase-auth:23.1.0] AndroidManifest.xml:67:13-84
116            android:directBootAware="true"
116-->[com.google.firebase:firebase-common:21.0.0] AndroidManifest.xml:32:13-43
117            android:exported="false" >
117-->[com.google.firebase:firebase-auth:23.1.0] AndroidManifest.xml:68:13-37
118            <meta-data
118-->[com.google.firebase:firebase-auth:23.1.0] AndroidManifest.xml:69:13-71:85
119                android:name="com.google.firebase.components:com.google.firebase.auth.FirebaseAuthRegistrar"
119-->[com.google.firebase:firebase-auth:23.1.0] AndroidManifest.xml:70:17-109
120                android:value="com.google.firebase.components.ComponentRegistrar" />
120-->[com.google.firebase:firebase-auth:23.1.0] AndroidManifest.xml:71:17-82
121            <meta-data
121-->[com.google.firebase:firebase-database:21.0.0] AndroidManifest.xml:29:13-31:85
122                android:name="com.google.firebase.components:com.google.firebase.database.FirebaseDatabaseKtxRegistrar"
122-->[com.google.firebase:firebase-database:21.0.0] AndroidManifest.xml:30:17-120
123                android:value="com.google.firebase.components.ComponentRegistrar" />
123-->[com.google.firebase:firebase-database:21.0.0] AndroidManifest.xml:31:17-82
124            <meta-data
124-->[com.google.firebase:firebase-database:21.0.0] AndroidManifest.xml:32:13-34:85
125                android:name="com.google.firebase.components:com.google.firebase.database.DatabaseRegistrar"
125-->[com.google.firebase:firebase-database:21.0.0] AndroidManifest.xml:33:17-109
126                android:value="com.google.firebase.components.ComponentRegistrar" />
126-->[com.google.firebase:firebase-database:21.0.0] AndroidManifest.xml:34:17-82
127            <meta-data
127-->[com.google.android.gms:play-services-measurement-api:22.1.2] AndroidManifest.xml:37:13-39:85
128                android:name="com.google.firebase.components:com.google.firebase.analytics.connector.internal.AnalyticsConnectorRegistrar"
128-->[com.google.android.gms:play-services-measurement-api:22.1.2] AndroidManifest.xml:38:17-139
129                android:value="com.google.firebase.components.ComponentRegistrar" />
129-->[com.google.android.gms:play-services-measurement-api:22.1.2] AndroidManifest.xml:39:17-82
130            <meta-data
130-->[com.google.firebase:firebase-installations:18.0.0] AndroidManifest.xml:15:13-17:85
131                android:name="com.google.firebase.components:com.google.firebase.installations.FirebaseInstallationsKtxRegistrar"
131-->[com.google.firebase:firebase-installations:18.0.0] AndroidManifest.xml:16:17-130
132                android:value="com.google.firebase.components.ComponentRegistrar" />
132-->[com.google.firebase:firebase-installations:18.0.0] AndroidManifest.xml:17:17-82
133            <meta-data
133-->[com.google.firebase:firebase-installations:18.0.0] AndroidManifest.xml:18:13-20:85
134                android:name="com.google.firebase.components:com.google.firebase.installations.FirebaseInstallationsRegistrar"
134-->[com.google.firebase:firebase-installations:18.0.0] AndroidManifest.xml:19:17-127
135                android:value="com.google.firebase.components.ComponentRegistrar" />
135-->[com.google.firebase:firebase-installations:18.0.0] AndroidManifest.xml:20:17-82
136            <meta-data
136-->[com.google.firebase:firebase-common-ktx:21.0.0] AndroidManifest.xml:12:13-14:85
137                android:name="com.google.firebase.components:com.google.firebase.ktx.FirebaseCommonLegacyRegistrar"
137-->[com.google.firebase:firebase-common-ktx:21.0.0] AndroidManifest.xml:13:17-116
138                android:value="com.google.firebase.components.ComponentRegistrar" />
138-->[com.google.firebase:firebase-common-ktx:21.0.0] AndroidManifest.xml:14:17-82
139            <meta-data
139-->[com.google.firebase:firebase-common:21.0.0] AndroidManifest.xml:35:13-37:85
140                android:name="com.google.firebase.components:com.google.firebase.FirebaseCommonKtxRegistrar"
140-->[com.google.firebase:firebase-common:21.0.0] AndroidManifest.xml:36:17-109
141                android:value="com.google.firebase.components.ComponentRegistrar" />
141-->[com.google.firebase:firebase-common:21.0.0] AndroidManifest.xml:37:17-82
142        </service>
143
144        <property
144-->[com.google.android.gms:play-services-measurement-api:22.1.2] AndroidManifest.xml:30:9-32:61
145            android:name="android.adservices.AD_SERVICES_CONFIG"
145-->[com.google.android.gms:play-services-measurement-api:22.1.2] AndroidManifest.xml:31:13-65
146            android:resource="@xml/ga_ad_services_config" />
146-->[com.google.android.gms:play-services-measurement-api:22.1.2] AndroidManifest.xml:32:13-58
147
148        <provider
148-->[com.google.firebase:firebase-common:21.0.0] AndroidManifest.xml:23:9-28:39
149            android:name="com.google.firebase.provider.FirebaseInitProvider"
149-->[com.google.firebase:firebase-common:21.0.0] AndroidManifest.xml:24:13-77
150            android:authorities="com.example.plantapp.firebaseinitprovider"
150-->[com.google.firebase:firebase-common:21.0.0] AndroidManifest.xml:25:13-72
151            android:directBootAware="true"
151-->[com.google.firebase:firebase-common:21.0.0] AndroidManifest.xml:26:13-43
152            android:exported="false"
152-->[com.google.firebase:firebase-common:21.0.0] AndroidManifest.xml:27:13-37
153            android:initOrder="100" />
153-->[com.google.firebase:firebase-common:21.0.0] AndroidManifest.xml:28:13-36
154
155        <service
155-->[androidx.credentials:credentials-play-services-auth:1.2.0-rc01] AndroidManifest.xml:24:9-32:19
156            android:name="androidx.credentials.playservices.CredentialProviderMetadataHolder"
156-->[androidx.credentials:credentials-play-services-auth:1.2.0-rc01] AndroidManifest.xml:25:13-94
157            android:enabled="true"
157-->[androidx.credentials:credentials-play-services-auth:1.2.0-rc01] AndroidManifest.xml:26:13-35
158            android:exported="false" >
158-->[androidx.credentials:credentials-play-services-auth:1.2.0-rc01] AndroidManifest.xml:27:13-37
159            <meta-data
159-->[androidx.credentials:credentials-play-services-auth:1.2.0-rc01] AndroidManifest.xml:29:13-31:104
160                android:name="androidx.credentials.CREDENTIAL_PROVIDER_KEY"
160-->[androidx.credentials:credentials-play-services-auth:1.2.0-rc01] AndroidManifest.xml:30:17-76
161                android:value="androidx.credentials.playservices.CredentialProviderPlayServicesImpl" />
161-->[androidx.credentials:credentials-play-services-auth:1.2.0-rc01] AndroidManifest.xml:31:17-101
162        </service>
163
164        <activity
164-->[androidx.credentials:credentials-play-services-auth:1.2.0-rc01] AndroidManifest.xml:34:9-41:20
165            android:name="androidx.credentials.playservices.HiddenActivity"
165-->[androidx.credentials:credentials-play-services-auth:1.2.0-rc01] AndroidManifest.xml:35:13-76
166            android:configChanges="orientation|screenSize|screenLayout|keyboardHidden"
166-->[androidx.credentials:credentials-play-services-auth:1.2.0-rc01] AndroidManifest.xml:36:13-87
167            android:enabled="true"
167-->[androidx.credentials:credentials-play-services-auth:1.2.0-rc01] AndroidManifest.xml:37:13-35
168            android:exported="false"
168-->[androidx.credentials:credentials-play-services-auth:1.2.0-rc01] AndroidManifest.xml:38:13-37
169            android:fitsSystemWindows="true"
169-->[androidx.credentials:credentials-play-services-auth:1.2.0-rc01] AndroidManifest.xml:39:13-45
170            android:theme="@style/Theme.Hidden" >
170-->[androidx.credentials:credentials-play-services-auth:1.2.0-rc01] AndroidManifest.xml:40:13-48
171        </activity>
172        <activity
172-->[com.google.android.gms:play-services-auth:20.7.0] AndroidManifest.xml:23:9-27:75
173            android:name="com.google.android.gms.auth.api.signin.internal.SignInHubActivity"
173-->[com.google.android.gms:play-services-auth:20.7.0] AndroidManifest.xml:24:13-93
174            android:excludeFromRecents="true"
174-->[com.google.android.gms:play-services-auth:20.7.0] AndroidManifest.xml:25:13-46
175            android:exported="false"
175-->[com.google.android.gms:play-services-auth:20.7.0] AndroidManifest.xml:26:13-37
176            android:theme="@android:style/Theme.Translucent.NoTitleBar" />
176-->[com.google.android.gms:play-services-auth:20.7.0] AndroidManifest.xml:27:13-72
177        <!--
178            Service handling Google Sign-In user revocation. For apps that do not integrate with
179            Google Sign-In, this service will never be started.
180        -->
181        <service
181-->[com.google.android.gms:play-services-auth:20.7.0] AndroidManifest.xml:33:9-37:51
182            android:name="com.google.android.gms.auth.api.signin.RevocationBoundService"
182-->[com.google.android.gms:play-services-auth:20.7.0] AndroidManifest.xml:34:13-89
183            android:exported="true"
183-->[com.google.android.gms:play-services-auth:20.7.0] AndroidManifest.xml:35:13-36
184            android:permission="com.google.android.gms.auth.api.signin.permission.REVOCATION_NOTIFICATION"
184-->[com.google.android.gms:play-services-auth:20.7.0] AndroidManifest.xml:36:13-107
185            android:visibleToInstantApps="true" />
185-->[com.google.android.gms:play-services-auth:20.7.0] AndroidManifest.xml:37:13-48
186
187        <receiver
187-->[com.google.android.gms:play-services-measurement:22.1.2] AndroidManifest.xml:29:9-33:20
188            android:name="com.google.android.gms.measurement.AppMeasurementReceiver"
188-->[com.google.android.gms:play-services-measurement:22.1.2] AndroidManifest.xml:30:13-85
189            android:enabled="true"
189-->[com.google.android.gms:play-services-measurement:22.1.2] AndroidManifest.xml:31:13-35
190            android:exported="false" >
190-->[com.google.android.gms:play-services-measurement:22.1.2] AndroidManifest.xml:32:13-37
191        </receiver>
192
193        <service
193-->[com.google.android.gms:play-services-measurement:22.1.2] AndroidManifest.xml:35:9-38:40
194            android:name="com.google.android.gms.measurement.AppMeasurementService"
194-->[com.google.android.gms:play-services-measurement:22.1.2] AndroidManifest.xml:36:13-84
195            android:enabled="true"
195-->[com.google.android.gms:play-services-measurement:22.1.2] AndroidManifest.xml:37:13-35
196            android:exported="false" />
196-->[com.google.android.gms:play-services-measurement:22.1.2] AndroidManifest.xml:38:13-37
197        <service
197-->[com.google.android.gms:play-services-measurement:22.1.2] AndroidManifest.xml:39:9-43:72
198            android:name="com.google.android.gms.measurement.AppMeasurementJobService"
198-->[com.google.android.gms:play-services-measurement:22.1.2] AndroidManifest.xml:40:13-87
199            android:enabled="true"
199-->[com.google.android.gms:play-services-measurement:22.1.2] AndroidManifest.xml:41:13-35
200            android:exported="false"
200-->[com.google.android.gms:play-services-measurement:22.1.2] AndroidManifest.xml:42:13-37
201            android:permission="android.permission.BIND_JOB_SERVICE" />
201-->[com.google.android.gms:play-services-measurement:22.1.2] AndroidManifest.xml:43:13-69
202
203        <uses-library
203-->[androidx.privacysandbox.ads:ads-adservices:1.0.0-beta05] AndroidManifest.xml:23:9-25:40
204            android:name="android.ext.adservices"
204-->[androidx.privacysandbox.ads:ads-adservices:1.0.0-beta05] AndroidManifest.xml:24:13-50
205            android:required="false" />
205-->[androidx.privacysandbox.ads:ads-adservices:1.0.0-beta05] AndroidManifest.xml:25:13-37
206
207        <provider
207-->[androidx.emoji2:emoji2:1.3.0] AndroidManifest.xml:24:9-32:20
208            android:name="androidx.startup.InitializationProvider"
208-->[androidx.emoji2:emoji2:1.3.0] AndroidManifest.xml:25:13-67
209            android:authorities="com.example.plantapp.androidx-startup"
209-->[androidx.emoji2:emoji2:1.3.0] AndroidManifest.xml:26:13-68
210            android:exported="false" >
210-->[androidx.emoji2:emoji2:1.3.0] AndroidManifest.xml:27:13-37
211            <meta-data
211-->[androidx.emoji2:emoji2:1.3.0] AndroidManifest.xml:29:13-31:52
212                android:name="androidx.emoji2.text.EmojiCompatInitializer"
212-->[androidx.emoji2:emoji2:1.3.0] AndroidManifest.xml:30:17-75
213                android:value="androidx.startup" />
213-->[androidx.emoji2:emoji2:1.3.0] AndroidManifest.xml:31:17-49
214            <meta-data
214-->[androidx.lifecycle:lifecycle-process:2.6.2] AndroidManifest.xml:29:13-31:52
215                android:name="androidx.lifecycle.ProcessLifecycleInitializer"
215-->[androidx.lifecycle:lifecycle-process:2.6.2] AndroidManifest.xml:30:17-78
216                android:value="androidx.startup" />
216-->[androidx.lifecycle:lifecycle-process:2.6.2] AndroidManifest.xml:31:17-49
217            <meta-data
217-->[androidx.profileinstaller:profileinstaller:1.4.0] AndroidManifest.xml:29:13-31:52
218                android:name="androidx.profileinstaller.ProfileInstallerInitializer"
218-->[androidx.profileinstaller:profileinstaller:1.4.0] AndroidManifest.xml:30:17-85
219                android:value="androidx.startup" />
219-->[androidx.profileinstaller:profileinstaller:1.4.0] AndroidManifest.xml:31:17-49
220        </provider>
221
222        <activity
222-->[com.google.android.gms:play-services-base:18.5.0] AndroidManifest.xml:5:9-173
223            android:name="com.google.android.gms.common.api.GoogleApiActivity"
223-->[com.google.android.gms:play-services-base:18.5.0] AndroidManifest.xml:5:19-85
224            android:exported="false"
224-->[com.google.android.gms:play-services-base:18.5.0] AndroidManifest.xml:5:146-170
225            android:theme="@android:style/Theme.Translucent.NoTitleBar" />
225-->[com.google.android.gms:play-services-base:18.5.0] AndroidManifest.xml:5:86-145
226
227        <meta-data
227-->[com.google.android.gms:play-services-basement:18.4.0] AndroidManifest.xml:6:9-122
228            android:name="com.google.android.gms.version"
228-->[com.google.android.gms:play-services-basement:18.4.0] AndroidManifest.xml:6:20-65
229            android:value="@integer/google_play_services_version" />
229-->[com.google.android.gms:play-services-basement:18.4.0] AndroidManifest.xml:6:66-119
230
231        <receiver
231-->[androidx.profileinstaller:profileinstaller:1.4.0] AndroidManifest.xml:34:9-52:20
232            android:name="androidx.profileinstaller.ProfileInstallReceiver"
232-->[androidx.profileinstaller:profileinstaller:1.4.0] AndroidManifest.xml:35:13-76
233            android:directBootAware="false"
233-->[androidx.profileinstaller:profileinstaller:1.4.0] AndroidManifest.xml:36:13-44
234            android:enabled="true"
234-->[androidx.profileinstaller:profileinstaller:1.4.0] AndroidManifest.xml:37:13-35
235            android:exported="true"
235-->[androidx.profileinstaller:profileinstaller:1.4.0] AndroidManifest.xml:38:13-36
236            android:permission="android.permission.DUMP" >
236-->[androidx.profileinstaller:profileinstaller:1.4.0] AndroidManifest.xml:39:13-57
237            <intent-filter>
237-->[androidx.profileinstaller:profileinstaller:1.4.0] AndroidManifest.xml:40:13-42:29
238                <action android:name="androidx.profileinstaller.action.INSTALL_PROFILE" />
238-->[androidx.profileinstaller:profileinstaller:1.4.0] AndroidManifest.xml:41:17-91
238-->[androidx.profileinstaller:profileinstaller:1.4.0] AndroidManifest.xml:41:25-88
239            </intent-filter>
240            <intent-filter>
240-->[androidx.profileinstaller:profileinstaller:1.4.0] AndroidManifest.xml:43:13-45:29
241                <action android:name="androidx.profileinstaller.action.SKIP_FILE" />
241-->[androidx.profileinstaller:profileinstaller:1.4.0] AndroidManifest.xml:44:17-85
241-->[androidx.profileinstaller:profileinstaller:1.4.0] AndroidManifest.xml:44:25-82
242            </intent-filter>
243            <intent-filter>
243-->[androidx.profileinstaller:profileinstaller:1.4.0] AndroidManifest.xml:46:13-48:29
244                <action android:name="androidx.profileinstaller.action.SAVE_PROFILE" />
244-->[androidx.profileinstaller:profileinstaller:1.4.0] AndroidManifest.xml:47:17-88
244-->[androidx.profileinstaller:profileinstaller:1.4.0] AndroidManifest.xml:47:25-85
245            </intent-filter>
246            <intent-filter>
246-->[androidx.profileinstaller:profileinstaller:1.4.0] AndroidManifest.xml:49:13-51:29
247                <action android:name="androidx.profileinstaller.action.BENCHMARK_OPERATION" />
247-->[androidx.profileinstaller:profileinstaller:1.4.0] AndroidManifest.xml:50:17-95
247-->[androidx.profileinstaller:profileinstaller:1.4.0] AndroidManifest.xml:50:25-92
248            </intent-filter>
249        </receiver> <!-- The activities will be merged into the manifest of the hosting app. -->
250        <activity
250-->[com.google.android.play:core-common:2.0.3] AndroidManifest.xml:14:9-18:65
251            android:name="com.google.android.play.core.common.PlayCoreDialogWrapperActivity"
251-->[com.google.android.play:core-common:2.0.3] AndroidManifest.xml:15:13-93
252            android:exported="false"
252-->[com.google.android.play:core-common:2.0.3] AndroidManifest.xml:16:13-37
253            android:stateNotNeeded="true"
253-->[com.google.android.play:core-common:2.0.3] AndroidManifest.xml:17:13-42
254            android:theme="@style/Theme.PlayCore.Transparent" />
254-->[com.google.android.play:core-common:2.0.3] AndroidManifest.xml:18:13-62
255    </application>
256
257</manifest>